<?xml version="1.0" encoding="UTF-8"?>
<testng-results skipped="0" failed="1" total="3" passed="2">
  <reporter-output>
  </reporter-output>
  <suite name="Default suite" duration-ms="65" started-at="2019-03-22T18:18:36Z" finished-at="2019-03-22T18:18:36Z">
    <groups>
      <group name="functional">
        <method signature="TestCase1.doLogin()[pri:2, instance:test.java.testcases.TestCase1@25bbe1b6]" name="doLogin" class="test.java.testcases.TestCase1"/>
        <method signature="TestCase1.doUserReg()[pri:1, instance:test.java.testcases.TestCase1@25bbe1b6]" name="doUserReg" class="test.java.testcases.TestCase1"/>
      </group> <!-- functional -->
      <group name="smoke">
        <method signature="TestCase2.validateTitles()[pri:0, instance:test.java.testcases.TestCase2@5702b3b1]" name="validateTitles" class="test.java.testcases.TestCase2"/>
      </group> <!-- smoke -->
    </groups>
    <test name="Default test" duration-ms="65" started-at="2019-03-22T18:18:36Z" finished-at="2019-03-22T18:18:36Z">
      <class name="test.java.testcases.BaseTest">
        <test-method status="PASS" signature="setUp()[pri:0, instance:test.java.testcases.BaseTest@ff5b51f]" name="setUp" is-config="true" duration-ms="12" started-at="2019-03-22T11:18:36Z" finished-at="2019-03-22T11:18:36Z">
          <reporter-output>
          </reporter-output>
        </test-method> <!-- setUp -->
        <test-method status="PASS" signature="tearDown()[pri:0, instance:test.java.testcases.BaseTest@ff5b51f]" name="tearDown" is-config="true" duration-ms="1" started-at="2019-03-22T11:18:36Z" finished-at="2019-03-22T11:18:36Z">
          <reporter-output>
          </reporter-output>
        </test-method> <!-- tearDown -->
      </class> <!-- test.java.testcases.BaseTest -->
      <class name="test.java.testcases.TestCase2">
        <test-method status="FAIL" signature="validateTitles()[pri:0, instance:test.java.testcases.TestCase2@5702b3b1]" name="validateTitles" duration-ms="25" started-at="2019-03-22T11:18:36Z" finished-at="2019-03-22T11:18:36Z">
          <exception class="java.lang.AssertionError">
            <message>
              <![CDATA[The following asserts failed:
	expected [Yahoo.com] but found [Gmail.com],
	image not present expected [false] but found [true],
	text box not present expected [false] but found [true]]]>
            </message>
            <full-stacktrace>
              <![CDATA[java.lang.AssertionError: The following asserts failed:
	expected [Yahoo.com] but found [Gmail.com],
	image not present expected [false] but found [true],
	text box not present expected [false] but found [true]
	at org.testng.asserts.SoftAssert.assertAll(SoftAssert.java:43)
	at test.java.testcases.TestCase2.validateTitles(TestCase2.java:44)
	at sun.reflect.NativeMethodAccessorImpl.invoke0(Native Method)
	at sun.reflect.NativeMethodAccessorImpl.invoke(NativeMethodAccessorImpl.java:62)
	at sun.reflect.DelegatingMethodAccessorImpl.invoke(DelegatingMethodAccessorImpl.java:43)
	at java.lang.reflect.Method.invoke(Method.java:498)
	at org.testng.internal.MethodInvocationHelper.invokeMethod(MethodInvocationHelper.java:85)
	at org.testng.internal.Invoker.invokeMethod(Invoker.java:639)
	at org.testng.internal.Invoker.invokeTestMethod(Invoker.java:816)
	at org.testng.internal.Invoker.invokeTestMethods(Invoker.java:1124)
	at org.testng.internal.TestMethodWorker.invokeTestMethods(TestMethodWorker.java:125)
	at org.testng.internal.TestMethodWorker.run(TestMethodWorker.java:108)
	at org.testng.TestRunner.privateRun(TestRunner.java:774)
	at org.testng.TestRunner.run(TestRunner.java:624)
	at org.testng.SuiteRunner.runTest(SuiteRunner.java:359)
	at org.testng.SuiteRunner.runSequentially(SuiteRunner.java:354)
	at org.testng.SuiteRunner.privateRun(SuiteRunner.java:312)
	at org.testng.SuiteRunner.run(SuiteRunner.java:261)
	at org.testng.SuiteRunnerWorker.runSuite(SuiteRunnerWorker.java:52)
	at org.testng.SuiteRunnerWorker.run(SuiteRunnerWorker.java:86)
	at org.testng.TestNG.runSuitesSequentially(TestNG.java:1215)
	at org.testng.TestNG.runSuitesLocally(TestNG.java:1140)
	at org.testng.TestNG.run(TestNG.java:1048)
	at org.testng.remote.AbstractRemoteTestNG.run(AbstractRemoteTestNG.java:132)
	at org.testng.remote.RemoteTestNG.initAndRun(RemoteTestNG.java:230)
	at org.testng.remote.RemoteTestNG.main(RemoteTestNG.java:76)
]]>
            </full-stacktrace>
          </exception> <!-- java.lang.AssertionError -->
          <reporter-output>
          </reporter-output>
        </test-method> <!-- validateTitles -->
      </class> <!-- test.java.testcases.TestCase2 -->
      <class name="test.java.testcases.TestCase1">
        <test-method status="PASS" signature="createDBConn()[pri:0, instance:test.java.testcases.TestCase1@25bbe1b6]" name="createDBConn" is-config="true" duration-ms="1" started-at="2019-03-22T11:18:36Z" finished-at="2019-03-22T11:18:36Z">
          <reporter-output>
          </reporter-output>
        </test-method> <!-- createDBConn -->
        <test-method status="PASS" signature="launchBrowser()[pri:0, instance:test.java.testcases.TestCase1@25bbe1b6]" name="launchBrowser" is-config="true" duration-ms="1" started-at="2019-03-22T11:18:36Z" finished-at="2019-03-22T11:18:36Z">
          <reporter-output>
          </reporter-output>
        </test-method> <!-- launchBrowser -->
        <test-method status="PASS" signature="doUserReg()[pri:1, instance:test.java.testcases.TestCase1@25bbe1b6]" name="doUserReg" duration-ms="1" started-at="2019-03-22T11:18:36Z" finished-at="2019-03-22T11:18:36Z">
          <reporter-output>
          </reporter-output>
        </test-method> <!-- doUserReg -->
        <test-method status="PASS" signature="closeBrowser()[pri:0, instance:test.java.testcases.TestCase1@25bbe1b6]" name="closeBrowser" is-config="true" duration-ms="0" started-at="2019-03-22T11:18:36Z" finished-at="2019-03-22T11:18:36Z">
          <reporter-output>
          </reporter-output>
        </test-method> <!-- closeBrowser -->
        <test-method status="PASS" signature="doLogin()[pri:2, instance:test.java.testcases.TestCase1@25bbe1b6]" name="doLogin" duration-ms="2" started-at="2019-03-22T11:18:36Z" finished-at="2019-03-22T11:18:36Z">
          <reporter-output>
          </reporter-output>
        </test-method> <!-- doLogin -->
        <test-method status="PASS" signature="launchBrowser()[pri:0, instance:test.java.testcases.TestCase1@25bbe1b6]" name="launchBrowser" is-config="true" duration-ms="0" started-at="2019-03-22T11:18:36Z" finished-at="2019-03-22T11:18:36Z">
          <reporter-output>
          </reporter-output>
        </test-method> <!-- launchBrowser -->
        <test-method status="PASS" signature="closeDBConn()[pri:0, instance:test.java.testcases.TestCase1@25bbe1b6]" name="closeDBConn" is-config="true" duration-ms="0" started-at="2019-03-22T11:18:36Z" finished-at="2019-03-22T11:18:36Z">
          <reporter-output>
          </reporter-output>
        </test-method> <!-- closeDBConn -->
        <test-method status="PASS" signature="closeBrowser()[pri:0, instance:test.java.testcases.TestCase1@25bbe1b6]" name="closeBrowser" is-config="true" duration-ms="0" started-at="2019-03-22T11:18:36Z" finished-at="2019-03-22T11:18:36Z">
          <reporter-output>
          </reporter-output>
        </test-method> <!-- closeBrowser -->
      </class> <!-- test.java.testcases.TestCase1 -->
    </test> <!-- Default test -->
  </suite> <!-- Default suite -->
</testng-results>
